Start testing: Jul 21 16:10 CEST
----------------------------------------------------------
1/3 Testing: copyright
1/3 Test: copyright
Command: "/usr/bin/python3" "-u" "/opt/ros/foxy/share/ament_cmake_test/cmake/run_test.py" "/home/dheeraj/Desktop/Projects/Learnings/Projects_ROS2/build/fourwheelarm/test_results/fourwheelarm/copyright.xunit.xml" "--package-name" "fourwheelarm" "--output-file" "/home/dheeraj/Desktop/Projects/Learnings/Projects_ROS2/build/fourwheelarm/ament_copyright/copyright.txt" "--command" "/opt/ros/foxy/bin/ament_copyright" "--xunit-file" "/home/dheeraj/Desktop/Projects/Learnings/Projects_ROS2/build/fourwheelarm/test_results/fourwheelarm/copyright.xunit.xml"
Directory: /home/dheeraj/Desktop/Projects/Learnings/Projects_ROS2/src/fourwheelarm
"copyright" start time: Jul 21 16:10 CEST
Output:
----------------------------------------------------------
-- run_test.py: invoking following command in '/home/dheeraj/Desktop/Projects/Learnings/Projects_ROS2/src/fourwheelarm':
 - /opt/ros/foxy/bin/ament_copyright --xunit-file /home/dheeraj/Desktop/Projects/Learnings/Projects_ROS2/build/fourwheelarm/test_results/fourwheelarm/copyright.xunit.xml
No repository roots and files found
No problems found, checked 0 files
-- run_test.py: return code 0
-- run_test.py: verify result file '/home/dheeraj/Desktop/Projects/Learnings/Projects_ROS2/build/fourwheelarm/test_results/fourwheelarm/copyright.xunit.xml'
<end of output>
Test time =   0.27 sec
----------------------------------------------------------
Test Passed.
"copyright" end time: Jul 21 16:10 CEST
"copyright" time elapsed: 00:00:00
----------------------------------------------------------

2/3 Testing: lint_cmake
2/3 Test: lint_cmake
Command: "/usr/bin/python3" "-u" "/opt/ros/foxy/share/ament_cmake_test/cmake/run_test.py" "/home/dheeraj/Desktop/Projects/Learnings/Projects_ROS2/build/fourwheelarm/test_results/fourwheelarm/lint_cmake.xunit.xml" "--package-name" "fourwheelarm" "--output-file" "/home/dheeraj/Desktop/Projects/Learnings/Projects_ROS2/build/fourwheelarm/ament_lint_cmake/lint_cmake.txt" "--command" "/opt/ros/foxy/bin/ament_lint_cmake" "--xunit-file" "/home/dheeraj/Desktop/Projects/Learnings/Projects_ROS2/build/fourwheelarm/test_results/fourwheelarm/lint_cmake.xunit.xml"
Directory: /home/dheeraj/Desktop/Projects/Learnings/Projects_ROS2/src/fourwheelarm
"lint_cmake" start time: Jul 21 16:10 CEST
Output:
----------------------------------------------------------
-- run_test.py: invoking following command in '/home/dheeraj/Desktop/Projects/Learnings/Projects_ROS2/src/fourwheelarm':
 - /opt/ros/foxy/bin/ament_lint_cmake --xunit-file /home/dheeraj/Desktop/Projects/Learnings/Projects_ROS2/build/fourwheelarm/test_results/fourwheelarm/lint_cmake.xunit.xml

No problems found
-- run_test.py: return code 0
-- run_test.py: verify result file '/home/dheeraj/Desktop/Projects/Learnings/Projects_ROS2/build/fourwheelarm/test_results/fourwheelarm/lint_cmake.xunit.xml'
<end of output>
Test time =   0.24 sec
----------------------------------------------------------
Test Passed.
"lint_cmake" end time: Jul 21 16:10 CEST
"lint_cmake" time elapsed: 00:00:00
----------------------------------------------------------

3/3 Testing: xmllint
3/3 Test: xmllint
Command: "/usr/bin/python3" "-u" "/opt/ros/foxy/share/ament_cmake_test/cmake/run_test.py" "/home/dheeraj/Desktop/Projects/Learnings/Projects_ROS2/build/fourwheelarm/test_results/fourwheelarm/xmllint.xunit.xml" "--package-name" "fourwheelarm" "--output-file" "/home/dheeraj/Desktop/Projects/Learnings/Projects_ROS2/build/fourwheelarm/ament_xmllint/xmllint.txt" "--command" "/opt/ros/foxy/bin/ament_xmllint" "--xunit-file" "/home/dheeraj/Desktop/Projects/Learnings/Projects_ROS2/build/fourwheelarm/test_results/fourwheelarm/xmllint.xunit.xml"
Directory: /home/dheeraj/Desktop/Projects/Learnings/Projects_ROS2/src/fourwheelarm
"xmllint" start time: Jul 21 16:10 CEST
Output:
----------------------------------------------------------
-- run_test.py: invoking following command in '/home/dheeraj/Desktop/Projects/Learnings/Projects_ROS2/src/fourwheelarm':
 - /opt/ros/foxy/bin/ament_xmllint --xunit-file /home/dheeraj/Desktop/Projects/Learnings/Projects_ROS2/build/fourwheelarm/test_results/fourwheelarm/xmllint.xunit.xml
File 'package.xml' is valid

No problems found
-- run_test.py: return code 0
-- run_test.py: verify result file '/home/dheeraj/Desktop/Projects/Learnings/Projects_ROS2/build/fourwheelarm/test_results/fourwheelarm/xmllint.xunit.xml'
<end of output>
Test time =   1.24 sec
----------------------------------------------------------
Test Passed.
"xmllint" end time: Jul 21 16:10 CEST
"xmllint" time elapsed: 00:00:01
----------------------------------------------------------

End testing: Jul 21 16:10 CEST

copyright =   0.27 sec*proc

lint_cmake =   0.24 sec*proc

linter =   1.75 sec*proc

xmllint =   1.24 sec*proc

