<?xml version="1.0" encoding="UTF-8"?>
<Site BuildName="(empty)"
	BuildStamp="20220721-1410-Experimental"
	Name="dheeraj-Legion-5-Pro-16ACH6H"
	Generator="ctest-3.16.3"
	CompilerName="/usr/bin/c++"
	CompilerVersion="9.4.0"
	OSName="Linux"
	Hostname="dheeraj-Legion-5-Pro-16ACH6H"
	OSRelease="5.15.0-41-generic"
	OSVersion="#44~20.04.1-Ubuntu SMP Fri Jun 24 13:27:29 UTC 2022"
	OSPlatform="x86_64"
	Is64Bits="1"
	VendorString="AuthenticAMD"
	VendorID="Advanced Micro Devices"
	FamilyID="25"
	ModelID="80"
	ProcessorCacheSize="512"
	NumberOfLogicalCPU="16"
	NumberOfPhysicalCPU="8"
	TotalVirtualMemory="2047"
	TotalPhysicalMemory="31956"
	LogicalProcessorsPerPhysical="2"
	ProcessorClockFrequency="440.63"
	>
	<Testing>
		<StartDateTime>Jul 21 16:10 CEST</StartDateTime>
		<StartTestTime>1658412650</StartTestTime>
		<TestList>
			<Test>./copyright</Test>
			<Test>./lint_cmake</Test>
			<Test>./xmllint</Test>
		</TestList>
		<Test Status="passed">
			<Name>copyright</Name>
			<Path>.</Path>
			<FullName>./copyright</FullName>
			<FullCommandLine>/usr/bin/python3 "-u" "/opt/ros/foxy/share/ament_cmake_test/cmake/run_test.py" "/home/dheeraj/Desktop/Projects/Learnings/Projects_ROS2/build/fourwheelarm/test_results/fourwheelarm/copyright.xunit.xml" "--package-name" "fourwheelarm" "--output-file" "/home/dheeraj/Desktop/Projects/Learnings/Projects_ROS2/build/fourwheelarm/ament_copyright/copyright.txt" "--command" "/opt/ros/foxy/bin/ament_copyright" "--xunit-file" "/home/dheeraj/Desktop/Projects/Learnings/Projects_ROS2/build/fourwheelarm/test_results/fourwheelarm/copyright.xunit.xml"</FullCommandLine>
			<Results>
				<NamedMeasurement type="numeric/double" name="Execution Time">
					<Value>0.267274</Value>
				</NamedMeasurement>
				<NamedMeasurement type="numeric/double" name="Processors">
					<Value>1</Value>
				</NamedMeasurement>
				<NamedMeasurement type="text/string" name="Completion Status">
					<Value>Completed</Value>
				</NamedMeasurement>
				<NamedMeasurement type="text/string" name="Command Line">
					<Value>/usr/bin/python3 "-u" "/opt/ros/foxy/share/ament_cmake_test/cmake/run_test.py" "/home/dheeraj/Desktop/Projects/Learnings/Projects_ROS2/build/fourwheelarm/test_results/fourwheelarm/copyright.xunit.xml" "--package-name" "fourwheelarm" "--output-file" "/home/dheeraj/Desktop/Projects/Learnings/Projects_ROS2/build/fourwheelarm/ament_copyright/copyright.txt" "--command" "/opt/ros/foxy/bin/ament_copyright" "--xunit-file" "/home/dheeraj/Desktop/Projects/Learnings/Projects_ROS2/build/fourwheelarm/test_results/fourwheelarm/copyright.xunit.xml"</Value>
				</NamedMeasurement>
				<Measurement>
					<Value>-- run_test.py: invoking following command in '/home/dheeraj/Desktop/Projects/Learnings/Projects_ROS2/src/fourwheelarm':
 - /opt/ros/foxy/bin/ament_copyright --xunit-file /home/dheeraj/Desktop/Projects/Learnings/Projects_ROS2/build/fourwheelarm/test_results/fourwheelarm/copyright.xunit.xml
No repository roots and files found
No problems found, checked 0 files
-- run_test.py: return code 0
-- run_test.py: verify result file '/home/dheeraj/Desktop/Projects/Learnings/Projects_ROS2/build/fourwheelarm/test_results/fourwheelarm/copyright.xunit.xml'
</Value>
				</Measurement>
			</Results>
			<Labels>
				<Label>copyright</Label>
				<Label>linter</Label>
			</Labels>
		</Test>
		<Test Status="passed">
			<Name>lint_cmake</Name>
			<Path>.</Path>
			<FullName>./lint_cmake</FullName>
			<FullCommandLine>/usr/bin/python3 "-u" "/opt/ros/foxy/share/ament_cmake_test/cmake/run_test.py" "/home/dheeraj/Desktop/Projects/Learnings/Projects_ROS2/build/fourwheelarm/test_results/fourwheelarm/lint_cmake.xunit.xml" "--package-name" "fourwheelarm" "--output-file" "/home/dheeraj/Desktop/Projects/Learnings/Projects_ROS2/build/fourwheelarm/ament_lint_cmake/lint_cmake.txt" "--command" "/opt/ros/foxy/bin/ament_lint_cmake" "--xunit-file" "/home/dheeraj/Desktop/Projects/Learnings/Projects_ROS2/build/fourwheelarm/test_results/fourwheelarm/lint_cmake.xunit.xml"</FullCommandLine>
			<Results>
				<NamedMeasurement type="numeric/double" name="Execution Time">
					<Value>0.242208</Value>
				</NamedMeasurement>
				<NamedMeasurement type="numeric/double" name="Processors">
					<Value>1</Value>
				</NamedMeasurement>
				<NamedMeasurement type="text/string" name="Completion Status">
					<Value>Completed</Value>
				</NamedMeasurement>
				<NamedMeasurement type="text/string" name="Command Line">
					<Value>/usr/bin/python3 "-u" "/opt/ros/foxy/share/ament_cmake_test/cmake/run_test.py" "/home/dheeraj/Desktop/Projects/Learnings/Projects_ROS2/build/fourwheelarm/test_results/fourwheelarm/lint_cmake.xunit.xml" "--package-name" "fourwheelarm" "--output-file" "/home/dheeraj/Desktop/Projects/Learnings/Projects_ROS2/build/fourwheelarm/ament_lint_cmake/lint_cmake.txt" "--command" "/opt/ros/foxy/bin/ament_lint_cmake" "--xunit-file" "/home/dheeraj/Desktop/Projects/Learnings/Projects_ROS2/build/fourwheelarm/test_results/fourwheelarm/lint_cmake.xunit.xml"</Value>
				</NamedMeasurement>
				<Measurement>
					<Value>-- run_test.py: invoking following command in '/home/dheeraj/Desktop/Projects/Learnings/Projects_ROS2/src/fourwheelarm':
 - /opt/ros/foxy/bin/ament_lint_cmake --xunit-file /home/dheeraj/Desktop/Projects/Learnings/Projects_ROS2/build/fourwheelarm/test_results/fourwheelarm/lint_cmake.xunit.xml

No problems found
-- run_test.py: return code 0
-- run_test.py: verify result file '/home/dheeraj/Desktop/Projects/Learnings/Projects_ROS2/build/fourwheelarm/test_results/fourwheelarm/lint_cmake.xunit.xml'
</Value>
				</Measurement>
			</Results>
			<Labels>
				<Label>lint_cmake</Label>
				<Label>linter</Label>
			</Labels>
		</Test>
		<Test Status="passed">
			<Name>xmllint</Name>
			<Path>.</Path>
			<FullName>./xmllint</FullName>
			<FullCommandLine>/usr/bin/python3 "-u" "/opt/ros/foxy/share/ament_cmake_test/cmake/run_test.py" "/home/dheeraj/Desktop/Projects/Learnings/Projects_ROS2/build/fourwheelarm/test_results/fourwheelarm/xmllint.xunit.xml" "--package-name" "fourwheelarm" "--output-file" "/home/dheeraj/Desktop/Projects/Learnings/Projects_ROS2/build/fourwheelarm/ament_xmllint/xmllint.txt" "--command" "/opt/ros/foxy/bin/ament_xmllint" "--xunit-file" "/home/dheeraj/Desktop/Projects/Learnings/Projects_ROS2/build/fourwheelarm/test_results/fourwheelarm/xmllint.xunit.xml"</FullCommandLine>
			<Results>
				<NamedMeasurement type="numeric/double" name="Execution Time">
					<Value>1.24031</Value>
				</NamedMeasurement>
				<NamedMeasurement type="numeric/double" name="Processors">
					<Value>1</Value>
				</NamedMeasurement>
				<NamedMeasurement type="text/string" name="Completion Status">
					<Value>Completed</Value>
				</NamedMeasurement>
				<NamedMeasurement type="text/string" name="Command Line">
					<Value>/usr/bin/python3 "-u" "/opt/ros/foxy/share/ament_cmake_test/cmake/run_test.py" "/home/dheeraj/Desktop/Projects/Learnings/Projects_ROS2/build/fourwheelarm/test_results/fourwheelarm/xmllint.xunit.xml" "--package-name" "fourwheelarm" "--output-file" "/home/dheeraj/Desktop/Projects/Learnings/Projects_ROS2/build/fourwheelarm/ament_xmllint/xmllint.txt" "--command" "/opt/ros/foxy/bin/ament_xmllint" "--xunit-file" "/home/dheeraj/Desktop/Projects/Learnings/Projects_ROS2/build/fourwheelarm/test_results/fourwheelarm/xmllint.xunit.xml"</Value>
				</NamedMeasurement>
				<Measurement>
					<Value>-- run_test.py: invoking following command in '/home/dheeraj/Desktop/Projects/Learnings/Projects_ROS2/src/fourwheelarm':
 - /opt/ros/foxy/bin/ament_xmllint --xunit-file /home/dheeraj/Desktop/Projects/Learnings/Projects_ROS2/build/fourwheelarm/test_results/fourwheelarm/xmllint.xunit.xml
File 'package.xml' is valid

No problems found
-- run_test.py: return code 0
-- run_test.py: verify result file '/home/dheeraj/Desktop/Projects/Learnings/Projects_ROS2/build/fourwheelarm/test_results/fourwheelarm/xmllint.xunit.xml'
</Value>
				</Measurement>
			</Results>
			<Labels>
				<Label>linter</Label>
				<Label>xmllint</Label>
			</Labels>
		</Test>
		<EndDateTime>Jul 21 16:10 CEST</EndDateTime>
		<EndTestTime>1658412652</EndTestTime>
		<ElapsedMinutes>0</ElapsedMinutes>
	</Testing>
</Site>
